mar. 24 mai 2022 08:06:41 EAT
Initied Workspace by tonymushah
Initied git repertory 
// NOTE 
mer. 25 mai 2022 08:55:23 EAT
compilation
// NOTE 
mer. 25 mai 2022 08:55:30 EAT
Running 
// NOTE 
mer. 25 mai 2022 14:56:46 EAT
compilation
// NOTE 
mer. 25 mai 2022 14:56:58 EAT
Running Main
[ ][ ][ ][ ][ ][ ][ ][ ][ ][ ][ ][ ][ ][ ][ ]
[ ][ ][ ][ ][ ][ ][ ][ ][ ][ ][ ][ ][ ][ ][ ]
[ ][ ][ ][ ][ ][ ][ ][ ][ ][ ][ ][ ][ ][ ][ ]
[ ][ ][ ][ ][ ][ ][ ][ ][ ][ ][ ][ ][ ][ ][ ]
[ ][ ][ ][ ][ ][ ][ ][ ][ ][ ][ ][ ][ ][ ][ ]
[ ][ ][ ][ ][ ][ ][ ][ ][ ][ ][ ][ ][ ][ ][ ]
[ ][ ][ ][ ][ ][ ][ ][ ][ ][ ][ ][ ][ ][ ][ ]
[ ][ ][ ][ ][ ][ ][ ][ ][ ][ ][ ][ ][ ][ ][ ]
[ ][ ][ ][ ][ ][ ][ ][ ][ ][ ][ ][ ][ ][ ][ ]
[ ][ ][ ][ ][ ][ ][ ][ ][ ][ ][ ][ ][ ][ ][ ]
[ ][ ][ ][ ][ ][ ][ ][ ][ ][ ][ ][ ][ ][ ][ ]
[ ][ ][ ][ ][ ][ ][ ][ ][ ][ ][ ][ ][ ][ ][ ]
[ ][ ][ ][ ][ ][ ][ ][ ][ ][ ][ ][ ][ ][ ][ ]
[ ][ ][ ][ ][ ][ ][ ][ ][ ][ ][ ][ ][ ][ ][ ]
[ ][ ][ ][ ][ ][ ][ ][ ][ ][ ][ ][ ][ ][ ][ ]
// NOTE 
mer. 25 mai 2022 15:11:56 EAT
compilation
// NOTE 
mer. 25 mai 2022 15:12:00 EAT
Running Main
[ ][ ][ ][ ][ ][ ][ ][ ][ ][ ][ ][ ][ ][ ][ ]
[ ][ ][ ][ ][ ][ ][ ][ ][ ][ ][ ][ ][ ][ ][ ]
[ ][ ][ ][ ][ ][ ][ ][ ][ ][ ][ ][ ][ ][ ][ ]
[ ][ ][ ][ ][ ][ ][ ][ ][ ][ ][ ][ ][ ][ ][ ]
[ ][ ][ ][ ][ ][ ][ ][ ][ ][ ][ ][ ][ ][ ][ ]
[ ][ ][ ][ ][ ][ ][ ][ ][ ][ ][ ][ ][ ][ ][ ]
[ ][ ][ ][ ][ ][ ][ ][ ][ ][ ][ ][ ][ ][ ][ ]
[ ][ ][ ][ ][ ][ ][ ][ ][ ][ ][ ][ ][ ][ ][ ]
[ ][ ][ ][ ][ ][ ][ ][ ][ ][ ][ ][ ][ ][ ][ ]
[ ][ ][ ][ ][ ][ ][ ][ ][ ][ ][ ][ ][ ][ ][ ]
[ ][ ][ ][ ][ ][ ][ ][ ][ ][ ][ ][ ][ ][ ][ ]
[ ][ ][ ][ ][ ][ ][ ][ ][ ][ ][ ][ ][ ][ ][ ]
[ ][ ][ ][ ][ ][ ][ ][ ][ ][ ][ ][ ][ ][ ][ ]
[ ][ ][ ][ ][ ][ ][ ][ ][ ][ ][ ][ ][ ][ ][ ]
[ ][ ][ ][ ][ ][ ][ ][ ][ ][ ][ ][ ][ ][ ][ ]
// NOTE 
mer. 25 mai 2022 15:14:37 EAT
compilation
// NOTE 
mer. 25 mai 2022 15:14:47 EAT
Running Main
[ ][ ][ ][ ][ ][ ][ ][ ][ ][ ][ ][ ][ ][ ][ ]
[ ][ ][ ][ ][ ][ ][ ][ ][ ][ ][ ][ ][ ][ ][ ]
[ ][ ][ ][ ][ ][ ][ ][ ][ ][ ][ ][ ][ ][ ][ ]
[ ][ ][ ][ ][ ][ ][ ][ ][ ][ ][ ][ ][ ][ ][ ]
[ ][ ][ ][ ][ ][ ][ ][ ][ ][ ][ ][ ][ ][ ][ ]
[ ][ ][ ][ ][ ][ ][ ][ ][ ][ ][ ][ ][ ][ ][ ]
[ ][ ][ ][ ][ ][ ][ ][ ][ ][ ][ ][ ][ ][ ][ ]
[ ][ ][ ][ ][ ][ ][ ][ ][ ][ ][ ][ ][ ][ ][ ]
[ ][ ][ ][ ][ ][ ][ ][ ][ ][ ][ ][ ][ ][ ][ ]
[ ][ ][ ][ ][ ][ ][ ][ ][ ][ ][ ][ ][ ][ ][ ]
[ ][ ][ ][ ][ ][ ][ ][ ][ ][ ][ ][ ][ ][ ][ ]
[ ][ ][ ][ ][ ][ ][ ][ ][ ][ ][ ][ ][ ][ ][ ]
[ ][ ][ ][ ][ ][ ][ ][ ][ ][ ][ ][ ][ ][ ][ ]
[ ][ ][ ][ ][ ][ ][ ][ ][ ][ ][ ][ ][ ][ ][ ]
[ ][ ][ ][ ][ ][ ][ ][ ][ ][ ][ ][ ][ ][ ][ ]
// NOTE 
mer. 25 mai 2022 15:17:40 EAT
compilation
// NOTE 
mer. 25 mai 2022 15:17:41 EAT
Running Main
[ ][ ][ ][ ][ ][ ][ ][ ][ ][ ][ ][ ][ ][ ][ ]
[ ][ ][ ][ ][ ][ ][ ][ ][ ][ ][ ][ ][ ][ ][ ]
[ ][ ][ ][ ][ ][ ][ ][ ][ ][ ][ ][ ][ ][ ][ ]
[ ][ ][ ][ ][ ][ ][ ][ ][ ][ ][ ][ ][ ][ ][ ]
[ ][ ][ ][ ][ ][ ][ ][ ][ ][ ][ ][ ][ ][ ][ ]
[ ][ ][ ][ ][ ][ ][ ][ ][ ][ ][ ][ ][ ][ ][ ]
[ ][ ][ ][ ][ ][ ][ ][ ][ ][ ][ ][ ][ ][ ][ ]
[ ][ ][ ][ ][ ][ ][ ][ ][ ][ ][ ][ ][ ][ ][ ]
[ ][ ][ ][ ][ ][ ][ ][ ][ ][ ][ ][ ][ ][ ][ ]
[ ][ ][ ][ ][ ][ ][ ][ ][ ][ ][ ][ ][ ][ ][ ]
[ ][ ][ ][ ][ ][ ][ ][ ][ ][ ][ ][ ][ ][ ][ ]
[ ][ ][ ][ ][ ][ ][ ][ ][ ][ ][ ][ ][ ][ ][ ]
[ ][ ][ ][ ][ ][ ][ ][ ][ ][ ][ ][ ][ ][ ][ ]
[ ][ ][ ][ ][ ][ ][ ][ ][ ][ ][ ][ ][ ][ ][ ]
[ ][ ][ ][ ][ ][ ][ ][ ][ ][ ][ ][ ][ ][ ][ ]
// NOTE 
mer. 25 mai 2022 15:19:11 EAT
compilation
// NOTE 
mer. 25 mai 2022 15:19:13 EAT
Running Main
[ ][ ][O][ ][ ][ ][O][O][O][O][O][ ][O][O][ ]
[O][ ][ ][O][ ][ ][O][O][ ][ ][ ][ ][O][O][O]
[ ][O][ ][O][ ][O][ ][ ][ ][ ][ ][ ][ ][ ][O]
[ ][ ][O][ ][ ][ ][ ][ ][ ][O][ ][O][ ][ ][O]
[O][O][ ][O][ ][ ][O][ ][ ][ ][O][O][ ][O][ ]
[O][ ][ ][O][ ][O][O][ ][ ][ ][ ][ ][O][O][ ]
[O][ ][O][ ][O][ ][O][ ][O][ ][ ][O][ ][ ][ ]
[O][ ][ ][O][ ][O][ ][ ][ ][ ][ ][ ][O][O][ ]
[ ][O][ ][ ][O][O][ ][O][ ][ ][ ][ ][O][O][O]
[ ][ ][ ][O][ ][O][ ][ ][O][ ][ ][O][ ][ ][ ]
[O][O][O][ ][ ][ ][ ][ ][ ][ ][ ][O][ ][O][ ]
[ ][O][O][O][ ][ ][ ][ ][O][ ][O][O][ ][ ][ ]
[ ][ ][ ][O][O][ ][ ][ ][ ][O][ ][O][ ][ ][ ]
[O][ ][ ][O][ ][O][O][O][O][ ][ ][ ][ ][O][ ]
[O][O][ ][O][ ][ ][ ][ ][ ][ ][ ][ ][O][ ][O]
// NOTE 
mer. 25 mai 2022 15:19:31 EAT
// NOTE 
mer. 25 mai 2022 15:20:19 EAT
compilation
// NOTE 
mer. 25 mai 2022 15:20:22 EAT
Running Main
[ ][ ][ ][ ][ ][ ][ ][O][ ][ ][ ][ ][ ][ ][ ]
[ ][O][ ][ ][ ][ ][ ][ ][ ][ ][ ][ ][ ][ ][ ]
[O][ ][ ][ ][ ][ ][ ][ ][ ][ ][ ][ ][ ][ ][ ]
[ ][ ][O][ ][ ][ ][ ][ ][ ][ ][ ][ ][ ][ ][O]
[ ][ ][ ][O][ ][ ][ ][ ][ ][ ][ ][ ][O][O][O]
[ ][ ][ ][ ][ ][ ][ ][ ][ ][ ][ ][ ][ ][ ][ ]
[ ][ ][ ][ ][ ][ ][ ][ ][ ][ ][O][ ][ ][ ][ ]
[ ][ ][ ][ ][O][ ][ ][O][ ][ ][ ][ ][ ][ ][ ]
[ ][ ][O][ ][O][O][O][ ][ ][ ][ ][ ][ ][ ][ ]
[ ][ ][ ][ ][ ][ ][O][ ][ ][ ][ ][O][ ][ ][ ]
[ ][ ][ ][ ][ ][O][O][ ][ ][ ][ ][ ][ ][ ][O]
[ ][ ][ ][O][O][ ][ ][ ][O][O][ ][ ][ ][ ][ ]
[ ][O][ ][ ][O][ ][ ][ ][ ][ ][ ][O][ ][O][O]
[ ][O][ ][ ][ ][O][ ][ ][ ][ ][ ][ ][ ][ ][O]
[ ][O][O][O][ ][O][ ][O][ ][ ][ ][ ][O][ ][ ]
// NOTE 
mer. 25 mai 2022 15:48:09 EAT
compilation
// NOTE 
mer. 25 mai 2022 15:48:10 EAT
Running Main
// NOTE 
mer. 25 mai 2022 15:49:34 EAT
compilation
// NOTE 
mer. 25 mai 2022 15:49:36 EAT
Running Main
[O][O][ ][O][O][O][ ][O][ ][ ][O][O][O][O][O]
[O][O][ ][O][ ][O][ ][ ][O][ ][ ][O][O][O][O]
[O][O][O][O][O][O][O][O][O][O][ ][ ][O][O][O]
[ ][O][ ][O][O][O][ ][ ][ ][ ][O][ ][O][O][O]
[O][O][O][O][O][O][ ][ ][ ][ ][ ][O][O][O][O]
[O][O][O][O][O][ ][O][ ][ ][ ][O][ ][O][ ][O]
[O][O][ ][ ][O][O][ ][O][ ][O][ ][O][O][O][O]
[O][O][O][O][ ][ ][ ][ ][O][ ][O][ ][O][ ][O]
[O][O][ ][ ][O][ ][ ][O][ ][O][ ][ ][O][ ][O]
[O][O][ ][ ][ ][O][O][ ][O][ ][ ][ ][O][ ][O]
[O][ ][O][ ][ ][O][O][O][ ][ ][ ][ ][O][O][O]
[O][O][ ][O][ ][ ][O][ ][O][ ][ ][ ][O][O][O]
[O][O][O][O][O][ ][O][O][ ][O][ ][ ][O][O][O]
[O][O][ ][O][ ][O][O][O][ ][ ][O][ ][O][O][O]
[O][O][ ][O][ ][ ][O][O][ ][O][ ][O][O][O][O]
// NOTE 
mer. 25 mai 2022 15:50:42 EAT
compilation
// NOTE 
mer. 25 mai 2022 15:50:44 EAT
Running Main
[O][O][O][O][ ][O][O][O][O][O][O][O][O][O][O]
[O][ ][O][O][O][ ][O][O][O][O][ ][O][O][O][ ]
[ ][ ][O][O][O][O][O][O][O][O][O][O][O][O][ ]
[ ][ ][O][O][O][O][O][O][O][ ][O][O][O][O][ ]
[ ][ ][ ][ ][O][ ][O][O][ ][O][ ][O][O][O][ ]
[ ][ ][ ][O][ ][ ][O][ ][O][O][O][ ][ ][O][ ]
[O][ ][O][ ][ ][O][O][ ][ ][O][ ][O][ ][O][ ]
[O][O][ ][ ][O][ ][ ][ ][O][O][ ][ ][O][O][ ]
[O][O][ ][O][ ][O][ ][O][O][ ][ ][ ][ ][O][ ]
[O][O][O][O][ ][ ][O][O][O][O][O][O][O][O][O]
[O][ ][O][O][ ][ ][ ][O][O][O][O][ ][ ][ ][ ]
[ ][O][ ][O][O][ ][O][O][O][O][O][ ][ ][ ][ ]
[O][ ][ ][O][ ][O][ ][O][O][ ][O][ ][ ][ ][ ]
[ ][O][ ][O][O][ ][O][O][ ][ ][O][O][ ][ ][ ]
[O][ ][O][O][ ][O][O][ ][ ][O][O][ ][O][ ][ ]
// NOTE 
mer. 25 mai 2022 15:51:46 EAT
compilation
// NOTE 
mer. 25 mai 2022 15:51:47 EAT
Running Main
[O][O][O][O][O][O][ ][ ][ ][ ][ ][ ][O][ ][ ]
[ ][O][O][O][O][O][O][ ][ ][ ][ ][ ][ ][O][ ]
[ ][ ][ ][ ][ ][ ][O][ ][ ][ ][ ][ ][ ][ ][O]
[O][ ][ ][ ][ ][ ][ ][O][ ][ ][ ][ ][ ][ ][O]
[ ][ ][ ][ ][ ][ ][ ][ ][O][ ][ ][ ][ ][ ][O]
[O][ ][ ][ ][ ][ ][ ][ ][ ][ ][ ][ ][ ][ ][O]
[ ][O][ ][ ][ ][ ][ ][ ][ ][ ][ ][ ][ ][ ][O]
[ ][O][O][ ][ ][ ][ ][ ][ ][ ][ ][ ][ ][O][O]
[ ][ ][O][O][ ][O][ ][ ][ ][O][ ][ ][O][ ][ ]
[O][O][O][O][O][ ][ ][ ][ ][ ][O][ ][O][ ][ ]
[ ][ ][ ][O][ ][ ][ ][ ][ ][ ][ ][O][O][ ][ ]
[ ][ ][O][ ][O][ ][ ][ ][ ][ ][ ][ ][O][ ][ ]
[ ][O][O][ ][O][ ][ ][ ][ ][ ][ ][ ][O][ ][ ]
[ ][O][O][ ][O][ ][ ][ ][ ][ ][ ][ ][ ][ ][ ]
[O][ ][ ][ ][O][ ][ ][ ][ ][ ][ ][O][ ][ ][ ]
// NOTE 
mer. 25 mai 2022 15:51:59 EAT
// NOTE 
mer. 25 mai 2022 15:52:19 EAT
[O][O][ ][ ][O][ ][O][ ][O][ ][O][O][ ][ ][ ]
[O][O][ ][O][ ][O][ ][O][ ][O][O][O][ ][ ][ ]
[O][O][O][ ][ ][ ][ ][ ][ ][O][ ][O][ ][ ][ ]
[O][O][ ][ ][ ][ ][ ][ ][O][O][O][O][ ][ ][ ]
[O][O][ ][ ][ ][ ][ ][O][ ][ ][ ][O][ ][ ][ ]
[O][O][ ][O][ ][ ][O][O][ ][ ][ ][ ][ ][ ][ ]
[O][O][O][O][O][ ][ ][O][ ][ ][ ][ ][ ][ ][ ]
[O][O][O][ ][ ][O][ ][ ][ ][ ][ ][ ][ ][ ][ ]
[O][O][O][ ][O][O][ ][ ][ ][ ][ ][O][ ][ ][ ]
[O][O][O][O][ ][ ][ ][ ][ ][ ][ ][O][ ][ ][ ]
[O][O][O][ ][ ][ ][ ][ ][ ][ ][ ][ ][ ][ ][ ]
[O][O][ ][ ][ ][O][ ][ ][ ][ ][ ][ ][ ][ ][ ]
[O][O][ ][ ][ ][O][ ][ ][ ][ ][ ][ ][ ][ ][ ]
[O][O][ ][ ][ ][ ][ ][ ][ ][ ][ ][ ][ ][ ][ ]
[O][O][ ][ ][ ][ ][ ][ ][ ][ ][ ][ ][ ][ ][ ]
// NOTE 
mer. 25 mai 2022 16:59:14 EAT
compilation
// NOTE 
mer. 25 mai 2022 16:59:20 EAT
Running Main
[O][O][ ][ ][ ][O][ ][ ][ ][ ][ ][ ][O][ ][ ]
[ ][O][O][ ][ ][O][ ][ ][ ][ ][ ][O][ ][O][O]
[ ][ ][ ][ ][O][ ][O][ ][ ][O][O][ ][ ][ ][O]
[ ][O][ ][ ][ ][ ][ ][ ][ ][O][O][ ][ ][ ][ ]
[ ][O][O][ ][ ][ ][ ][ ][ ][ ][O][O][ ][ ][ ]
[ ][O][O][ ][O][ ][ ][ ][O][ ][O][ ][O][O][ ]
[ ][ ][O][ ][O][ ][ ][ ][O][ ][ ][ ][ ][O][ ]
[ ][O][O][ ][O][ ][ ][ ][ ][O][ ][ ][O][O][ ]
[O][ ][ ][O][ ][ ][ ][ ][O][O][ ][ ][ ][ ][ ]
[ ][O][ ][O][ ][O][ ][ ][ ][ ][ ][ ][O][ ][ ]
[ ][O][O][O][ ][ ][ ][ ][ ][ ][O][ ][ ][ ][ ]
[ ][O][O][O][ ][ ][ ][ ][ ][ ][O][O][ ][ ][ ]
[O][O][O][ ][ ][ ][ ][ ][ ][ ][ ][ ][O][ ][ ]
[ ][O][O][ ][O][ ][O][ ][ ][O][ ][ ][ ][ ][ ]
[ ][O][ ][ ][O][ ][ ][O][ ][O][ ][ ][ ][ ][ ]
// NOTE 
ven. 27 mai 2022 09:56:01 EAT
compilation
// NOTE 
ven. 27 mai 2022 09:56:08 EAT
Running Main
[ ][ ][ ][ ][ ][ ][W][P][ ][ ][ ][W][ ][W][ ]
[P][ ][ ][ ][W][ ][ ][P][P][ ][T][W][ ][W][ ]
[ ][ ][W][ ][ ][ ][ ][W][P][O][ ][ ][ ][ ][ ]
[ ][ ][ ][ ][O][ ][ ][W][O][ ][ ][ ][ ][ ][W]
[W][W][ ][ ][O][ ][ ][ ][W][W][ ][W][ ][W][ ]
[O][ ][W][ ][ ][ ][ ][ ][ ][W][ ][P][O][W][ ]
[ ][W][ ][ ][ ][ ][W][ ][ ][W][ ][W][W][W][W]
[ ][ ][ ][ ][ ][ ][ ][ ][ ][ ][ ][ ][W][ ][W]
[P][ ][ ][ ][P][O][ ][ ][ ][ ][ ][ ][W][ ][P]
[ ][ ][ ][ ][ ][W][W][ ][ ][O][C][ ][O][ ][W]
[W][W][ ][ ][ ][O][O][ ][W][W][ ][P][ ][ ][ ]
[W][W][ ][ ][ ][W][P][ ][ ][W][ ][W][ ][W][ ]
[P][ ][ ][ ][P][W][P][ ][ ][W][W][W][ ][P][ ]
[ ][W][ ][ ][ ][ ][W][ ][ ][ ][O][ ][O][W][ ]
[ ][ ][ ][ ][ ][O][W][ ][ ][W][ ][ ][ ][W][ ]
Vous avez gagnez
// NOTE 
ven. 27 mai 2022 09:57:02 EAT
[ ][ ][ ][W][ ][P][ ][W][ ][P][ ][ ][ ][ ][ ]
[ ][O][T][W][W][O][W][W][ ][W][O][ ][ ][O][W]
[ ][W][ ][O][ ][O][W][ ][ ][ ][W][ ][ ][W][W]
[W][ ][ ][ ][W][ ][W][ ][ ][ ][W][W][W][W][O]
[W][ ][ ][ ][W][C][ ][ ][W][ ][ ][ ][ ][W][ ]
[W][ ][W][ ][W][ ][ ][ ][W][ ][ ][ ][ ][ ][ ]
[W][ ][ ][W][W][ ][ ][ ][P][ ][W][ ][W][ ][O]
[P][ ][ ][ ][W][ ][ ][O][W][ ][ ][ ][ ][ ][ ]
[ ][W][ ][ ][P][ ][ ][ ][ ][ ][ ][ ][P][ ][ ]
[O][O][ ][W][W][ ][ ][ ][ ][ ][ ][W][W][O][ ]
[ ][ ][P][ ][ ][W][ ][O][ ][ ][W][ ][W][ ][ ]
[ ][ ][W][W][O][W][ ][ ][ ][P][ ][W][W][ ][W]
[ ][ ][W][ ][W][O][ ][ ][ ][ ][ ][W][W][ ][ ]
[ ][ ][W][ ][W][W][W][ ][ ][W][ ][ ][P][ ][ ]
[P][ ][ ][W][W][ ][W][ ][ ][P][ ][ ][ ][ ][ ]
Vous avez gagnez
// NOTE 
ven. 27 mai 2022 10:38:40 EAT
compilation
// NOTE 
ven. 27 mai 2022 12:41:16 EAT
compilation
// NOTE 
ven. 27 mai 2022 12:41:23 EAT
Running Main
Vous avez gagnez
Vous avez gagnez
Vous avez gagnez
Vous avez gagnez
Vous avez gagnez
Vous avez gagnez
Vous avez gagnez
Vous avez gagnez
Vous avez gagnez
Vous avez gagnez
Vous avez gagnez
Vous avez gagnez
Vous avez gagnez
// NOTE 
lun. 30 mai 2022 14:22:44 EAT
// NOTE 
lun. 30 mai 2022 14:23:35 EAT
Vous avez gagnez
Vous avez gagnez
Vous avez gagnez
Vous avez gagnez
Vous avez gagnez
Vous avez gagnez
Vous avez gagnez
Vous avez gagnez
Vous avez gagnez
Vous avez gagnez
Vous avez gagnez
Vous avez gagnez
Vous avez gagnez
Vous avez gagnez
Vous avez gagnez
Vous avez gagnez
Vous avez gagnez
Vous avez gagnez
Vous avez gagnez
Vous avez gagnez
Vous avez gagnez
Vous avez gagnez
Vous avez gagnez
Vous avez gagnez
Vous avez gagnez
Vous avez gagnez
Vous avez gagnez
Vous avez gagnez
Vous avez gagnez
Vous avez gagnez
Vous avez gagnez
Vous avez gagnez
Vous avez gagnez
Vous avez gagnez
Vous avez gagnez
Vous avez gagnez
Vous avez gagnez
Vous avez gagnez
Vous avez gagnez
Vous avez gagnez
Vous avez gagnez
Vous avez gagnez
Vous avez gagnez
Vous avez gagnez
Vous avez gagnez
Vous avez gagnez
Vous avez gagnez
Vous avez gagnez
Vous avez gagnez
Vous avez gagnez
Vous avez gagnez
Vous avez gagnez
Vous avez gagnez
Vous avez gagnez
Vous avez gagnez
Vous avez gagnez
Vous avez gagnez
Vous avez gagnez
Vous avez gagnez
Vous avez gagnez
Vous avez gagnez
Vous avez gagnez
Vous avez gagnez
Vous avez gagnez
Vous avez gagnez
Vous avez gagnez
Vous avez gagnez
Vous avez gagnez
Vous avez gagnez
Vous avez gagnez
Vous avez gagnez
Vous avez gagnez
Vous avez gagnez
Vous avez gagnez
Vous avez gagnez
Vous avez gagnez
Vous avez gagnez
Vous avez gagnez
Vous avez gagnez
Vous avez gagnez
Vous avez gagnez
Vous avez gagnez
Vous avez gagnez
Vous avez gagnez
Vous avez gagnez
Vous avez gagnez
Vous avez gagnez
Vous avez gagnez
Vous avez gagnez
Vous avez gagnez
Vous avez gagnez
Vous avez gagnez
Vous avez gagnez
Vous avez gagnez
Vous avez gagnez
Vous avez gagnez
Vous avez gagnez
Vous avez gagnez
Vous avez gagnez
Vous avez gagnez
Vous avez gagnez
Vous avez gagnez
Vous avez gagnez
Vous avez gagnez
Vous avez gagnez
Vous avez gagnez
Vous avez gagnez
Vous avez gagnez
Vous avez gagnez
Vous avez gagnez
Vous avez gagnez
Vous avez gagnez
Vous avez gagnez
Vous avez gagnez
Vous avez gagnez
Vous avez gagnez
Vous avez gagnez
Vous avez gagnez
Vous avez gagnez
Vous avez gagnez
Vous avez gagnez
Vous avez gagnez
Vous avez gagnez
Vous avez gagnez
// NOTE 
mer. 01 juin 2022 17:50:38 EAT
Vous avez gagnez
Vous avez gagnez
Vous avez gagnez
Vous avez gagnez
